<?xml version="1.0" encoding="UTF-8" ?>
<testsuite errors="5" failures="2" hostname="pk" name="minesweeper.MinesweeperTest" skipped="0" tests="7" time="0.596" timestamp="2018-06-08T08:39:18">
  <properties>
[...]
</properties>
  <testcase classname="minesweeper.MinesweeperTest" name="testGetBestTimes" time="0.0070">
    <error type="java.lang.NullPointerException">java.lang.NullPointerException
	at minesweeper.MinesweeperTest.testGetBestTimes(MinesweeperTest.java:75)
</error>
  </testcase>
  <testcase classname="minesweeper.MinesweeperTest" name="testSetSettings" time="0.0010">
    <error type="java.lang.NullPointerException">java.lang.NullPointerException
	at minesweeper.MinesweeperTest.testSetSettings(MinesweeperTest.java:101)
</error>
  </testcase>
  <testcase classname="minesweeper.MinesweeperTest" name="testGetSettings" time="0.0010">
    <error type="java.lang.NullPointerException">java.lang.NullPointerException
	at minesweeper.MinesweeperTest.testGetSettings(MinesweeperTest.java:88)
</error>
  </testcase>
  <testcase classname="minesweeper.MinesweeperTest" name="testGetPlayingSeconds" time="0.0020">
    <error type="java.lang.NullPointerException">java.lang.NullPointerException
	at minesweeper.MinesweeperTest.testGetPlayingSeconds(MinesweeperTest.java:62)
</error>
  </testcase>
  <testcase classname="minesweeper.MinesweeperTest" name="testMain" time="0.284">
    <failure message="The test case is a prototype." type="junit.framework.AssertionFailedError">junit.framework.AssertionFailedError: The test case is a prototype.
	at minesweeper.MinesweeperTest.testMain(MinesweeperTest.java:51)
</failure>
  </testcase>
  <testcase classname="minesweeper.MinesweeperTest" name="testNewGame" time="0.0020">
    <error type="java.lang.NullPointerException">java.lang.NullPointerException
	at minesweeper.MinesweeperTest.testNewGame(MinesweeperTest.java:27)
</error>
  </testcase>
  <testcase classname="minesweeper.MinesweeperTest" name="testGetInstance" time="0.0020">
    <failure message="expected:&lt;null&gt; but was:&lt;minesweeper.Minesweeper@784a7df6&gt;" type="junit.framework.AssertionFailedError">junit.framework.AssertionFailedError: expected:&lt;null&gt; but was:&lt;minesweeper.Minesweeper@784a7df6&gt;
	at minesweeper.MinesweeperTest.testGetInstance(MinesweeperTest.java:39)
</failure>
  </testcase>
  <system-out><![CDATA[getBestTimes
setSetting
getSettings
getPlayingSeconds
main
newGame
getInstance
]]></system-out>
  <system-err><![CDATA[]]></system-err>
</testsuite>
